Traceback (most recent call last):
  File "C:\Users\Pranesh\OneDrive\Music\OpenEnv RL\data_quality_env\scripts\data\collect_sft_trajectories.py", line 1163, in <module>
    raise SystemExit(main())
                     ^^^^^^
  File "C:\Users\Pranesh\OneDrive\Music\OpenEnv RL\data_quality_env\scripts\data\collect_sft_trajectories.py", line 1093, in main
    records = collect_episode_trajectories(
              ^^^^^^^^^^^^^^^^^^^^^^^^^^^^^
  File "C:\Users\Pranesh\OneDrive\Music\OpenEnv RL\data_quality_env\scripts\data\collect_sft_trajectories.py", line 733, in collect_episode_trajectories
    collection = _collect_chunk(
                 ^^^^^^^^^^^^^^^
  File "C:\Users\Pranesh\OneDrive\Music\OpenEnv RL\data_quality_env\scripts\data\collect_sft_trajectories.py", line 549, in _collect_chunk
    first = client.complete(messages)
            ^^^^^^^^^^^^^^^^^^^^^^^^^
  File "C:\Users\Pranesh\OneDrive\Music\OpenEnv RL\data_quality_env\dataforge\bench\groq_client.py", line 133, in complete
    payload = self._post(messages)
              ^^^^^^^^^^^^^^^^^^^^
  File "C:\Users\Pranesh\OneDrive\Music\OpenEnv RL\data_quality_env\dataforge\bench\groq_client.py", line 107, in _post
    response.raise_for_status()
  File "C:\Users\Pranesh\OneDrive\Music\OpenEnv RL\data_quality_env\.venv\Lib\site-packages\httpx\_models.py", line 829, in raise_for_status
    raise HTTPStatusError(message, request=request, response=self)
httpx.HTTPStatusError: Client error '400 Bad Request' for url 'https://api.cerebras.ai/v1/chat/completions'
For more information check: https://developer.mozilla.org/en-US/docs/Web/HTTP/Status/400
